# JRE version: OpenJDK Runtime Environment (7.0_151-b01) (build 1.7.0_151-b01)
# Java VM: OpenJDK 64-Bit Server VM (24.151-b01 mixed mode linux-amd64 compressed oops)
Heap
 PSYoungGen      total 34816K, used 23184K [0x00000000eaa80000, 0x00000000ffe80000, 0x0000000100000000)
  eden space 34304K, 66% used [0x00000000eaa80000,0x00000000ec0ec260,0x00000000ecc00000)
  from space 512K, 43% used [0x00000000ffd80000,0x00000000ffdb8000,0x00000000ffe00000)
  to   space 512K, 0% used [0x00000000ffe00000,0x00000000ffe00000,0x00000000ffe80000)
 ParOldGen       total 214016K, used 170380K [0x00000000c0000000, 0x00000000cd100000, 0x00000000eaa80000)
  object space 214016K, 79% used [0x00000000c0000000,0x00000000ca6630c0,0x00000000cd100000)
 PSPermGen       total 48640K, used 48156K [0x00000000b0000000, 0x00000000b2f80000, 0x00000000c0000000)
  object space 48640K, 99% used [0x00000000b0000000,0x00000000b2f072d8,0x00000000b2f80000)
GC Heap History (10 events):
Event: 4858408.665 GC heap before
{Heap before GC invocations=10957 (full 0):
 PSYoungGen      total 34816K, used 34592K [0x00000000eaa80000, 0x00000000ffe80000, 0x0000000100000000)
  eden space 34304K, 100% used [0x00000000eaa80000,0x00000000ecc00000,0x00000000ecc00000)
  from space 512K, 56% used [0x00000000ffe00000,0x00000000ffe48000,0x00000000ffe80000)
  to   space 512K, 0% used [0x00000000ffd80000,0x00000000ffd80000,0x00000000ffe00000)
 ParOldGen       total 214016K, used 170340K [0x00000000c0000000, 0x00000000cd100000, 0x00000000eaa80000)
  object space 214016K, 79% used [0x00000000c0000000,0x00000000ca6590c0,0x00000000cd100000)
 PSPermGen       total 48640K, used 48156K [0x00000000b0000000, 0x00000000b2f80000, 0x00000000c0000000)
  object space 48640K, 99% used [0x00000000b0000000,0x00000000b2f072d8,0x00000000b2f80000)
Event: 4858408.690 GC heap after
Heap after GC invocations=10957 (full 0):
 PSYoungGen      total 34816K, used 256K [0x00000000eaa80000, 0x00000000ffe80000, 0x0000000100000000)
  eden space 34304K, 0% used [0x00000000eaa80000,0x00000000eaa80000,0x00000000ecc00000)
  from space 512K, 50% used [0x00000000ffd80000,0x00000000ffdc0000,0x00000000ffe00000)
  to   space 512K, 0% used [0x00000000ffe00000,0x00000000ffe00000,0x00000000ffe80000)
 ParOldGen       total 214016K, used 170348K [0x00000000c0000000, 0x00000000cd100000, 0x00000000eaa80000)
  object space 214016K, 79% used [0x00000000c0000000,0x00000000ca65b0c0,0x00000000cd100000)
 PSPermGen       total 48640K, used 48156K [0x00000000b0000000, 0x00000000b2f80000, 0x00000000c0000000)
  object space 48640K, 99% used [0x00000000b0000000,0x00000000b2f072d8,0x00000000b2f80000)
}
Event: 4858670.150 GC heap before
{Heap before GC invocations=10958 (full 0):
 PSYoungGen      total 34816K, used 34560K [0x00000000eaa80000, 0x00000000ffe80000, 0x0000000100000000)
  eden space 34304K, 100% used [0x00000000eaa80000,0x00000000ecc00000,0x00000000ecc00000)
  from space 512K, 50% used [0x00000000ffd80000,0x00000000ffdc0000,0x00000000ffe00000)
  to   space 512K, 0% used [0x00000000ffe00000,0x00000000ffe00000,0x00000000ffe80000)
 ParOldGen       total 214016K, used 170348K [0x00000000c0000000, 0x00000000cd100000, 0x00000000eaa80000)
  object space 214016K, 79% used [0x00000000c0000000,0x00000000ca65b0c0,0x00000000cd100000)
 PSPermGen       total 48640K, used 48156K [0x00000000b0000000, 0x00000000b2f80000, 0x00000000c0000000)
  object space 48640K, 99% used [0x00000000b0000000,0x00000000b2f072d8,0x00000000b2f80000)
Event: 4858670.180 GC heap after
Heap after GC invocations=10958 (full 0):
 PSYoungGen      total 34816K, used 320K [0x00000000eaa80000, 0x00000000ffe80000, 0x0000000100000000)
  eden space 34304K, 0% used [0x00000000eaa80000,0x00000000eaa80000,0x00000000ecc00000)
  from space 512K, 62% used [0x00000000ffe00000,0x00000000ffe50000,0x00000000ffe80000)
  to   space 512K, 0% used [0x00000000ffd80000,0x00000000ffd80000,0x00000000ffe00000)
 ParOldGen       total 214016K, used 170356K [0x00000000c0000000, 0x00000000cd100000, 0x00000000eaa80000)
  object space 214016K, 79% used [0x00000000c0000000,0x00000000ca65d0c0,0x00000000cd100000)
 PSPermGen       total 48640K, used 48156K [0x00000000b0000000, 0x00000000b2f80000, 0x00000000c0000000)
  object space 48640K, 99% used [0x00000000b0000000,0x00000000b2f072d8,0x00000000b2f80000)
}
Event: 4858941.792 GC heap before
{Heap before GC invocations=10959 (full 0):
 PSYoungGen      total 34816K, used 34624K [0x00000000eaa80000, 0x00000000ffe80000, 0x0000000100000000)
  eden space 34304K, 100% used [0x00000000eaa80000,0x00000000ecc00000,0x00000000ecc00000)
  from space 512K, 62% used [0x00000000ffe00000,0x00000000ffe50000,0x00000000ffe80000)
  to   space 512K, 0% used [0x00000000ffd80000,0x00000000ffd80000,0x00000000ffe00000)
 ParOldGen       total 214016K, used 170356K [0x00000000c0000000, 0x00000000cd100000, 0x00000000eaa80000)
  object space 214016K, 79% used [0x00000000c0000000,0x00000000ca65d0c0,0x00000000cd100000)
 PSPermGen       total 48640K, used 48156K [0x00000000b0000000, 0x00000000b2f80000, 0x00000000c0000000)
  object space 48640K, 99% used [0x00000000b0000000,0x00000000b2f072d8,0x00000000b2f80000)
Event: 4858941.819 GC heap after
Heap after GC invocations=10959 (full 0):
 PSYoungGen      total 34816K, used 224K [0x00000000eaa80000, 0x00000000ffe80000, 0x0000000100000000)
  eden space 34304K, 0% used [0x00000000eaa80000,0x00000000eaa80000,0x00000000ecc00000)
  from space 512K, 43% used [0x00000000ffd80000,0x00000000ffdb8000,0x00000000ffe00000)
  to   space 512K, 0% used [0x00000000ffe00000,0x00000000ffe00000,0x00000000ffe80000)
 ParOldGen       total 214016K, used 170364K [0x00000000c0000000, 0x00000000cd100000, 0x00000000eaa80000)
  object space 214016K, 79% used [0x00000000c0000000,0x00000000ca65f0c0,0x00000000cd100000)
 PSPermGen       total 48640K, used 48156K [0x00000000b0000000, 0x00000000b2f80000, 0x00000000c0000000)
  object space 48640K, 99% used [0x00000000b0000000,0x00000000b2f072d8,0x00000000b2f80000)
}
Event: 4859204.162 GC heap before
{Heap before GC invocations=10960 (full 0):
 PSYoungGen      total 34816K, used 34528K [0x00000000eaa80000, 0x00000000ffe80000, 0x0000000100000000)
  eden space 34304K, 100% used [0x00000000eaa80000,0x00000000ecc00000,0x00000000ecc00000)
  from space 512K, 43% used [0x00000000ffd80000,0x00000000ffdb8000,0x00000000ffe00000)
  to   space 512K, 0% used [0x00000000ffe00000,0x00000000ffe00000,0x00000000ffe80000)
 ParOldGen       total 214016K, used 170364K [0x00000000c0000000, 0x00000000cd100000, 0x00000000eaa80000)
  object space 214016K, 79% used [0x00000000c0000000,0x00000000ca65f0c0,0x00000000cd100000)
 PSPermGen       total 48640K, used 48156K [0x00000000b0000000, 0x00000000b2f80000, 0x00000000c0000000)
  object space 48640K, 99% used [0x00000000b0000000,0x00000000b2f072d8,0x00000000b2f80000)
Event: 4859204.184 GC heap after
Heap after GC invocations=10960 (full 0):
 PSYoungGen      total 34816K, used 352K [0x00000000eaa80000, 0x00000000ffe80000, 0x0000000100000000)
  eden space 34304K, 0% used [0x00000000eaa80000,0x00000000eaa80000,0x00000000ecc00000)
  from space 512K, 68% used [0x00000000ffe00000,0x00000000ffe58000,0x00000000ffe80000)
  to   space 512K, 0% used [0x00000000ffd80000,0x00000000ffd80000,0x00000000ffe00000)
 ParOldGen       total 214016K, used 170372K [0x00000000c0000000, 0x00000000cd100000, 0x00000000eaa80000)
  object space 214016K, 79% used [0x00000000c0000000,0x00000000ca6610c0,0x00000000cd100000)
 PSPermGen       total 48640K, used 48156K [0x00000000b0000000, 0x00000000b2f80000, 0x00000000c0000000)
  object space 48640K, 99% used [0x00000000b0000000,0x00000000b2f072d8,0x00000000b2f80000)
}
Event: 4859476.553 GC heap before
{Heap before GC invocations=10961 (full 0):
 PSYoungGen      total 34816K, used 34656K [0x00000000eaa80000, 0x00000000ffe80000, 0x0000000100000000)
  eden space 34304K, 100% used [0x00000000eaa80000,0x00000000ecc00000,0x00000000ecc00000)
  from space 512K, 68% used [0x00000000ffe00000,0x00000000ffe58000,0x00000000ffe80000)
  to   space 512K, 0% used [0x00000000ffd80000,0x00000000ffd80000,0x00000000ffe00000)
 ParOldGen       total 214016K, used 170372K [0x00000000c0000000, 0x00000000cd100000, 0x00000000eaa80000)
  object space 214016K, 79% used [0x00000000c0000000,0x00000000ca6610c0,0x00000000cd100000)
 PSPermGen       total 48640K, used 48156K [0x00000000b0000000, 0x00000000b2f80000, 0x00000000c0000000)
  object space 48640K, 99% used [0x00000000b0000000,0x00000000b2f072d8,0x00000000b2f80000)
Event: 4859476.575 GC heap after
Heap after GC invocations=10961 (full 0):
 PSYoungGen      total 34816K, used 224K [0x00000000eaa80000, 0x00000000ffe80000, 0x0000000100000000)
  eden space 34304K, 0% used [0x00000000eaa80000,0x00000000eaa80000,0x00000000ecc00000)
  from space 512K, 43% used [0x00000000ffd80000,0x00000000ffdb8000,0x00000000ffe00000)
  to   space 512K, 0% used [0x00000000ffe00000,0x00000000ffe00000,0x00000000ffe80000)
 ParOldGen       total 214016K, used 170380K [0x00000000c0000000, 0x00000000cd100000, 0x00000000eaa80000)
  object space 214016K, 79% used [0x00000000c0000000,0x00000000ca6630c0,0x00000000cd100000)
 PSPermGen       total 48640K, used 48156K [0x00000000b0000000, 0x00000000b2f80000, 0x00000000c0000000)
  object space 48640K, 99% used [0x00000000b0000000,0x00000000b2f072d8,0x00000000b2f80000)
}

